<?xml version="1.0" encoding="UTF-8"?>
<testng-results ignored="0" total="1" passed="1" failed="0" skipped="0">
  <reporter-output>
    <line>
      <![CDATA[No of rows in TCSheet::4   No of rows in TSSheet::10]]>
    </line>
    <line>
      <![CDATA[Login Success::adminflow     http://primusbank.qedgetech.com/adminflow.aspx]]>
    </line>
    <line>
      <![CDATA[Logout Success::]]>
    </line>
    <line>
      <![CDATA[Login Success::adminflow     http://primusbank.qedgetech.com/adminflow.aspx]]>
    </line>
    <line>
      <![CDATA[New Branch with id 41 created Sucessfully]]>
    </line>
    <line>
      <![CDATA[Logout Success::]]>
    </line>
    <line>
      <![CDATA[Login Success::adminflow     http://primusbank.qedgetech.com/adminflow.aspx]]>
    </line>
    <line>
      <![CDATA[Branch updated Sucessfully]]>
    </line>
    <line>
      <![CDATA[Logout Success::]]>
    </line>
  </reporter-output>
  <suite started-at="2022-12-20T08:59:36 IST" name="Default suite" finished-at="2022-12-20T09:00:14 IST" duration-ms="37926">
    <groups>
    </groups>
    <test started-at="2022-12-20T08:59:36 IST" name="Default test" finished-at="2022-12-20T09:00:14 IST" duration-ms="37926">
      <class name="driverFactory.DriverScript">
        <test-method is-config="true" signature="setUp()[pri:0, instance:driverFactory.DriverScript@248e319b]" started-at="2022-12-20T08:59:27 IST" name="setUp" finished-at="2022-12-20T08:59:36 IST" duration-ms="8790" status="PASS">
          <reporter-output>
          </reporter-output>
        </test-method> <!-- setUp -->
        <test-method signature="startTest()[pri:0, instance:driverFactory.DriverScript@248e319b]" started-at="2022-12-20T08:59:36 IST" name="startTest" finished-at="2022-12-20T09:00:14 IST" duration-ms="37855" status="PASS">
          <reporter-output>
            <line>
              <![CDATA[No of rows in TCSheet::4   No of rows in TSSheet::10]]>
            </line>
            <line>
              <![CDATA[Login Success::adminflow     http://primusbank.qedgetech.com/adminflow.aspx]]>
            </line>
            <line>
              <![CDATA[Logout Success::]]>
            </line>
            <line>
              <![CDATA[Login Success::adminflow     http://primusbank.qedgetech.com/adminflow.aspx]]>
            </line>
            <line>
              <![CDATA[New Branch with id 41 created Sucessfully]]>
            </line>
            <line>
              <![CDATA[Logout Success::]]>
            </line>
            <line>
              <![CDATA[Login Success::adminflow     http://primusbank.qedgetech.com/adminflow.aspx]]>
            </line>
            <line>
              <![CDATA[Branch updated Sucessfully]]>
            </line>
            <line>
              <![CDATA[Logout Success::]]>
            </line>
          </reporter-output>
        </test-method> <!-- startTest -->
        <test-method is-config="true" signature="tearDown()[pri:0, instance:driverFactory.DriverScript@248e319b]" started-at="2022-12-20T09:00:14 IST" name="tearDown" finished-at="2022-12-20T09:00:16 IST" duration-ms="1994" status="PASS">
          <reporter-output>
          </reporter-output>
        </test-method> <!-- tearDown -->
      </class> <!-- driverFactory.DriverScript -->
    </test> <!-- Default test -->
  </suite> <!-- Default suite -->
</testng-results>
